0 silly argv {
0 silly argv   _: [ 'version' ],
0 silly argv   lernaVersion: '3.22.1',
0 silly argv   '$0': 'C:\\Program Files\\nodejs\\node_modules\\lerna\\cli.js'
0 silly argv }
1 notice cli v3.22.1
2 verbose rootPath D:\Development\Github\hotmig
3 info versioning independent
4 silly isAnythingCommitted
5 verbose isAnythingCommitted 1
6 silly currentBranch
7 verbose currentBranch main
8 silly remoteBranchExists
9 silly isBehindUpstream
10 error Error: Command failed: git remote update
10 error git@github.com: Permission denied (publickey).
10 error fatal: Could not read from remote repository.
10 error
10 error Please make sure you have the correct access rights
10 error and the repository exists.
10 error error: Could not fetch origin
10 error
10 error Fetching origin
10 error
10 error     at makeError (D:\Development\Github\hotmig\node_modules\execa\index.js:174:9)
10 error     at Function.module.exports.sync (D:\Development\Github\hotmig\node_modules\execa\index.js:338:15)
10 error     at Object.execSync (D:\Development\Github\hotmig\node_modules\@lerna\child-process\index.js:26:16)
10 error     at updateRemote (D:\Development\Github\hotmig\node_modules\@lerna\version\lib\is-behind-upstream.js:26:16)
10 error     at isBehindUpstream (D:\Development\Github\hotmig\node_modules\@lerna\version\lib\is-behind-upstream.js:11:3)
10 error     at VersionCommand.initialize (D:\Development\Github\hotmig\node_modules\@lerna\version\index.js:154:9)
